c:\users\a.mashhoori\documents\visual studio 2015\projects\gridworld\gridworld\debug\gridworld.pch
c:\users\a.mashhoori\documents\visual studio 2015\projects\gridworld\gridworld\debug\vc140.pdb
c:\users\a.mashhoori\documents\visual studio 2015\projects\gridworld\gridworld\debug\vc140.idb
c:\users\a.mashhoori\documents\visual studio 2015\projects\gridworld\gridworld\debug\stdafx.obj
c:\users\a.mashhoori\documents\visual studio 2015\projects\gridworld\gridworld\debug\environment.obj
c:\users\a.mashhoori\documents\visual studio 2015\projects\gridworld\gridworld\debug\grid.obj
c:\users\a.mashhoori\documents\visual studio 2015\projects\gridworld\gridworld\debug\gridcell.obj
c:\users\a.mashhoori\documents\visual studio 2015\projects\gridworld\gridworld\debug\gridpolicy.obj
c:\users\a.mashhoori\documents\visual studio 2015\projects\gridworld\gridworld\debug\gridvaluestructure.obj
c:\users\a.mashhoori\documents\visual studio 2015\projects\gridworld\gridworld\debug\gridworld.obj
c:\users\a.mashhoori\documents\visual studio 2015\projects\gridworld\gridworld\debug\move.obj
c:\users\a.mashhoori\documents\visual studio 2015\projects\gridworld\gridworld\debug\policy.obj
c:\users\a.mashhoori\documents\visual studio 2015\projects\gridworld\gridworld\debug\policyiteration.obj
c:\users\a.mashhoori\documents\visual studio 2015\projects\gridworld\gridworld\debug\state.obj
c:\users\a.mashhoori\documents\visual studio 2015\projects\gridworld\gridworld\debug\valuestructure.obj
c:\users\a.mashhoori\documents\visual studio 2015\projects\gridworld\debug\gridworld.pdb
c:\users\a.mashhoori\documents\visual studio 2015\projects\gridworld\gridworld\debug\gridworld.tlog\cl.command.1.tlog
c:\users\a.mashhoori\documents\visual studio 2015\projects\gridworld\gridworld\debug\gridworld.tlog\cl.read.1.tlog
c:\users\a.mashhoori\documents\visual studio 2015\projects\gridworld\gridworld\debug\gridworld.tlog\cl.write.1.tlog
c:\users\a.mashhoori\documents\visual studio 2015\projects\gridworld\gridworld\debug\gridworld.tlog\link-cvtres.read.1.tlog
c:\users\a.mashhoori\documents\visual studio 2015\projects\gridworld\gridworld\debug\gridworld.tlog\link-cvtres.write.1.tlog
c:\users\a.mashhoori\documents\visual studio 2015\projects\gridworld\gridworld\debug\gridworld.tlog\link-rc.read.1.tlog
c:\users\a.mashhoori\documents\visual studio 2015\projects\gridworld\gridworld\debug\gridworld.tlog\link-rc.write.1.tlog
c:\users\a.mashhoori\documents\visual studio 2015\projects\gridworld\gridworld\debug\gridworld.tlog\link.27296-cvtres.read.1.tlog
c:\users\a.mashhoori\documents\visual studio 2015\projects\gridworld\gridworld\debug\gridworld.tlog\link.27296-cvtres.write.1.tlog
c:\users\a.mashhoori\documents\visual studio 2015\projects\gridworld\gridworld\debug\gridworld.tlog\link.27296-rc.read.1.tlog
c:\users\a.mashhoori\documents\visual studio 2015\projects\gridworld\gridworld\debug\gridworld.tlog\link.27296-rc.write.1.tlog
c:\users\a.mashhoori\documents\visual studio 2015\projects\gridworld\gridworld\debug\gridworld.tlog\link.27296.read.1.tlog
c:\users\a.mashhoori\documents\visual studio 2015\projects\gridworld\gridworld\debug\gridworld.tlog\link.27296.write.1.tlog
c:\users\a.mashhoori\documents\visual studio 2015\projects\gridworld\gridworld\debug\gridworld.tlog\link.command.1.tlog
c:\users\a.mashhoori\documents\visual studio 2015\projects\gridworld\gridworld\debug\gridworld.tlog\link.read.1.tlog
c:\users\a.mashhoori\documents\visual studio 2015\projects\gridworld\gridworld\debug\gridworld.tlog\link.write.1.tlog
